0 info it worked if it ends with ok
1 verbose cli [ '/Users/llasry/.nvm/versions/node/v5.3.0/bin/node',
1 verbose cli   '/Users/llasry/.nvm/versions/node/v5.3.0/bin/npm',
1 verbose cli   'test',
1 verbose cli   'm6mobile.js',
1 verbose cli   '--url=http://www.m6mobile.fr' ]
2 info using npm@3.3.12
3 info using node@v5.3.0
4 verbose stack Error: ENOENT: no such file or directory, open '/Users/llasry/Documents/package.json'
4 verbose stack     at Error (native)
5 verbose cwd /Users/llasry/Documents/dev/m6mobile/site/site-m6mobile/build-tools/jenkins
6 error Darwin 16.1.0
7 error argv "/Users/llasry/.nvm/versions/node/v5.3.0/bin/node" "/Users/llasry/.nvm/versions/node/v5.3.0/bin/npm" "test" "m6mobile.js" "--url=http://www.m6mobile.fr"
8 error node v5.3.0
9 error npm  v3.3.12
10 error path /Users/llasry/Documents/package.json
11 error code ENOENT
12 error errno -2
13 error syscall open
14 error enoent ENOENT: no such file or directory, open '/Users/llasry/Documents/package.json'
14 error enoent This is most likely not a problem with npm itself
14 error enoent and is related to npm not being able to find a file.
15 verbose exit [ -2, true ]
